<?xml version="1.0" encoding="UTF-8"?>
<coverage generated="1682517506265" clover="3.2.0">
  <project timestamp="1682517506265" name="All files">
    <metrics statements="3" coveredstatements="3" conditionals="4" coveredconditionals="4" methods="3" coveredmethods="3" elements="10" coveredelements="10" complexity="0" loc="3" ncloc="3" packages="1" files="2" classes="2"/>
    <file name="Matchers.js" path="/Users/nastakukutina/Documents/workspace/tests/src/js/Matchers.js">
      <metrics statements="2" coveredstatements="2" conditionals="0" coveredconditionals="0" methods="2" coveredmethods="2"/>
      <line num="2" count="4" type="stmt"/>
      <line num="3" count="1" type="stmt"/>
    </file>
    <file name="app.js" path="/Users/nastakukutina/Documents/workspace/tests/src/js/app.js">
      <metrics statements="1" coveredstatements="1" conditionals="4" coveredconditionals="4" methods="1" coveredmethods="1"/>
      <line num="2" count="3" type="cond" truecount="4" falsecount="0"/>
    </file>
  </project>
</coverage>
