{"/Users/nastakukutina/Documents/workspace/tests/src/js/Matchers.js": {"path":"/Users/nastakukutina/Documents/workspace/tests/src/js/Matchers.js","statementMap":{"0":{"start":{"line":2,"column":2},"end":{"line":2,"column":50}},"1":{"start":{"line":2,"column":20},"end":{"line":2,"column":39}},"2":{"start":{"line":3,"column":2},"end":{"line":3,"column":12}}},"fnMap":{"0":{"name":"Matchers","decl":{"start":{"line":1,"column":9},"end":{"line":1,"column":17}},"loc":{"start":{"line":1,"column":24},"end":{"line":4,"column":1}},"line":1},"1":{"name":"(anonymous_1)","decl":{"start":{"line":2,"column":11},"end":{"line":2,"column":12}},"loc":{"start":{"line":2,"column":20},"end":{"line":2,"column":39}},"line":2}},"branchMap":{},"s":{"0":1,"1":4,"2":1},"f":{"0":1,"1":4},"b":{},"_coverageSchema":"1a1c01bbd47fc00a2c39e90264f33305004495a9","hash":"9db9bef90cdfe3bba34023405ec953cd24495d7c"}
,"/Users/nastakukutina/Documents/workspace/tests/src/js/app.js": {"path":"/Users/nastakukutina/Documents/workspace/tests/src/js/app.js","statementMap":{"0":{"start":{"line":2,"column":2},"end":{"line":2,"column":73}}},"fnMap":{"0":{"name":"GetColor","decl":{"start":{"line":1,"column":9},"end":{"line":1,"column":17}},"loc":{"start":{"line":1,"column":24},"end":{"line":3,"column":1}},"line":1}},"branchMap":{"0":{"loc":{"start":{"line":2,"column":9},"end":{"line":2,"column":73}},"type":"cond-expr","locations":[{"start":{"line":2,"column":27},"end":{"line":2,"column":34}},{"start":{"line":2,"column":37},"end":{"line":2,"column":73}}],"line":2},"1":{"loc":{"start":{"line":2,"column":37},"end":{"line":2,"column":73}},"type":"cond-expr","locations":[{"start":{"line":2,"column":57},"end":{"line":2,"column":65}},{"start":{"line":2,"column":68},"end":{"line":2,"column":73}}],"line":2}},"s":{"0":3},"f":{"0":3},"b":{"0":[1,2],"1":[1,1]},"_coverageSchema":"1a1c01bbd47fc00a2c39e90264f33305004495a9","hash":"3c4a0c57dc76588aaf9e6aac557b4fc6bed6e2ae"}
}
