{"/Users/nastakukutina/Documents/workspace/tests/src/js/app.js": {"path":"/Users/nastakukutina/Documents/workspace/tests/src/js/app.js","statementMap":{"0":{"start":{"line":2,"column":2},"end":{"line":2,"column":73}}},"fnMap":{"0":{"name":"GetColor","decl":{"start":{"line":1,"column":9},"end":{"line":1,"column":17}},"loc":{"start":{"line":1,"column":24},"end":{"line":3,"column":1}},"line":1}},"branchMap":{"0":{"loc":{"start":{"line":2,"column":9},"end":{"line":2,"column":73}},"type":"cond-expr","locations":[{"start":{"line":2,"column":27},"end":{"line":2,"column":34}},{"start":{"line":2,"column":37},"end":{"line":2,"column":73}}],"line":2},"1":{"loc":{"start":{"line":2,"column":37},"end":{"line":2,"column":73}},"type":"cond-expr","locations":[{"start":{"line":2,"column":57},"end":{"line":2,"column":65}},{"start":{"line":2,"column":68},"end":{"line":2,"column":73}}],"line":2}},"s":{"0":1},"f":{"0":1},"b":{"0":[1,0],"1":[0,0]},"_coverageSchema":"1a1c01bbd47fc00a2c39e90264f33305004495a9","hash":"3c4a0c57dc76588aaf9e6aac557b4fc6bed6e2ae"}
}
